<?xml version="1.0" encoding="UTF-8"?>
<!-- Generated by org.testng.reporters.JUnitReportReporter -->
<testsuite hostname="DESKTOP-QG6FEDK" failures="0" tests="1" name="in.tripadvisor.tripadvisorReview" time="232.109" errors="0" timestamp="2022-12-20T14:24:17 IST" skipped="0">
  <testcase classname="in.tripadvisor.tripadvisorReview" name="mainTest" time="232.109"/>
  <system-out/>
</testsuite> <!-- in.tripadvisor.tripadvisorReview -->
