<?xml version="1.0" encoding="UTF-8"?>
<!-- Generated by org.testng.reporters.JUnitReportReporter -->
<testsuite hostname="DESKTOP-QG6FEDK" failures="0" tests="1" name="in.tripadvisor.tripadvisorReview" time="74.972" errors="0" timestamp="2022-12-20T15:23:26 IST" skipped="0">
  <testcase classname="in.tripadvisor.tripadvisorReview" name="mainTest" time="74.972"/>
  <system-out/>
</testsuite> <!-- in.tripadvisor.tripadvisorReview -->
